[0.000000] (-) TimerEvent: {}
[0.000200] (my_package) JobQueued: {'identifier': 'my_package', 'dependencies': OrderedDict()}
[0.000286] (my_package) JobStarted: {'identifier': 'my_package'}
[0.004781] (my_package) JobProgress: {'identifier': 'my_package', 'progress': 'cmake'}
[0.005539] (my_package) Command: {'cmd': ['/usr/bin/cmake', '/home/sarris/ros2_myproject/my_package', '-DCMAKE_INSTALL_PREFIX=/home/sarris/ros2_myproject/install/my_package'], 'cwd': '/home/sarris/ros2_myproject/build/my_package', 'env': OrderedDict([('LESSOPEN', '| /usr/bin/lesspipe %s'), ('USER', 'sarris'), ('LC_TIME', 'fr_FR.UTF-8'), ('XDG_SESSION_TYPE', 'wayland'), ('SHLVL', '1'), ('LD_LIBRARY_PATH', '/opt/ros/humble/opt/rviz_ogre_vendor/lib:/opt/ros/humble/lib/x86_64-linux-gnu:/opt/ros/humble/lib'), ('HOME', '/home/sarris'), ('OLDPWD', '/home/sarris/ros2_myproject/my_package'), ('DESKTOP_SESSION', 'ubuntu'), ('ROS_PYTHON_VERSION', '3'), ('GNOME_SHELL_SESSION_MODE', 'ubuntu'), ('GTK_MODULES', 'gail:atk-bridge'), ('LC_MONETARY', 'fr_FR.UTF-8'), ('DBUS_STARTER_BUS_TYPE', 'session'), ('SYSTEMD_EXEC_PID', '1488'), ('DBUS_SESSION_BUS_ADDRESS', 'unix:path=/run/user/1000/bus,guid=dde6f821217ee33fb8b4ce36699821dc'), ('COLORTERM', 'truecolor'), ('_colcon_cd_root', '/opt/ros/humble/'), ('IM_CONFIG_PHASE', '1'), ('WAYLAND_DISPLAY', 'wayland-0'), ('ROS_DISTRO', 'humble'), ('LOGNAME', 'sarris'), ('_', '/usr/bin/colcon'), ('ROS_VERSION', '2'), ('XDG_SESSION_CLASS', 'user'), ('USERNAME', 'sarris'), ('TERM', 'xterm-256color'), ('GNOME_DESKTOP_SESSION_ID', 'this-is-deprecated'), ('ROS_LOCALHOST_ONLY', '1'), ('PATH', '/opt/ros/humble/bin:/usr/local/sbin:/usr/local/bin:/usr/sbin:/usr/bin:/sbin:/bin:/usr/games:/usr/local/games:/snap/bin:/snap/bin'), ('SESSION_MANAGER', 'local/Sarrisofor:@/tmp/.ICE-unix/1488,unix/Sarrisofor:/tmp/.ICE-unix/1488'), ('XDG_MENU_PREFIX', 'gnome-'), ('LC_ADDRESS', 'fr_FR.UTF-8'), ('GNOME_TERMINAL_SCREEN', '/org/gnome/Terminal/screen/bc59141b_7186_4aa7_99de_7d9d558ff0de'), ('GNOME_SETUP_DISPLAY', ':1'), ('XDG_RUNTIME_DIR', '/run/user/1000'), ('DISPLAY', ':0'), ('LANG', 'en_US.UTF-8'), ('XDG_CURRENT_DESKTOP', 'ubuntu:GNOME'), ('LC_TELEPHONE', 'fr_FR.UTF-8'), ('XMODIFIERS', '@im=ibus'), ('XDG_SESSION_DESKTOP', 'ubuntu'), ('XAUTHORITY', '/run/user/1000/.mutter-Xwaylandauth.HKTAL3'), ('LS_COLORS', 'rs=0:di=01;34:ln=01;36:mh=00:pi=40;33:so=01;35:do=01;35:bd=40;33;01:cd=40;33;01:or=40;31;01:mi=00:su=37;41:sg=30;43:ca=30;41:tw=30;42:ow=34;42:st=37;44:ex=01;32:*.tar=01;31:*.tgz=01;31:*.arc=01;31:*.arj=01;31:*.taz=01;31:*.lha=01;31:*.lz4=01;31:*.lzh=01;31:*.lzma=01;31:*.tlz=01;31:*.txz=01;31:*.tzo=01;31:*.t7z=01;31:*.zip=01;31:*.z=01;31:*.dz=01;31:*.gz=01;31:*.lrz=01;31:*.lz=01;31:*.lzo=01;31:*.xz=01;31:*.zst=01;31:*.tzst=01;31:*.bz2=01;31:*.bz=01;31:*.tbz=01;31:*.tbz2=01;31:*.tz=01;31:*.deb=01;31:*.rpm=01;31:*.jar=01;31:*.war=01;31:*.ear=01;31:*.sar=01;31:*.rar=01;31:*.alz=01;31:*.ace=01;31:*.zoo=01;31:*.cpio=01;31:*.7z=01;31:*.rz=01;31:*.cab=01;31:*.wim=01;31:*.swm=01;31:*.dwm=01;31:*.esd=01;31:*.jpg=01;35:*.jpeg=01;35:*.mjpg=01;35:*.mjpeg=01;35:*.gif=01;35:*.bmp=01;35:*.pbm=01;35:*.pgm=01;35:*.ppm=01;35:*.tga=01;35:*.xbm=01;35:*.xpm=01;35:*.tif=01;35:*.tiff=01;35:*.png=01;35:*.svg=01;35:*.svgz=01;35:*.mng=01;35:*.pcx=01;35:*.mov=01;35:*.mpg=01;35:*.mpeg=01;35:*.m2v=01;35:*.mkv=01;35:*.webm=01;35:*.webp=01;35:*.ogm=01;35:*.mp4=01;35:*.m4v=01;35:*.mp4v=01;35:*.vob=01;35:*.qt=01;35:*.nuv=01;35:*.wmv=01;35:*.asf=01;35:*.rm=01;35:*.rmvb=01;35:*.flc=01;35:*.avi=01;35:*.fli=01;35:*.flv=01;35:*.gl=01;35:*.dl=01;35:*.xcf=01;35:*.xwd=01;35:*.yuv=01;35:*.cgm=01;35:*.emf=01;35:*.ogv=01;35:*.ogx=01;35:*.aac=00;36:*.au=00;36:*.flac=00;36:*.m4a=00;36:*.mid=00;36:*.midi=00;36:*.mka=00;36:*.mp3=00;36:*.mpc=00;36:*.ogg=00;36:*.ra=00;36:*.wav=00;36:*.oga=00;36:*.opus=00;36:*.spx=00;36:*.xspf=00;36:'), ('GNOME_TERMINAL_SERVICE', ':1.121'), ('SSH_AGENT_LAUNCHER', 'gnome-keyring'), ('SSH_AUTH_SOCK', '/run/user/1000/keyring/ssh'), ('ROS_DOMAIN_ID', '1'), ('AMENT_PREFIX_PATH', '/opt/ros/humble'), ('SHELL', '/bin/bash'), ('LC_NAME', 'fr_FR.UTF-8'), ('QT_ACCESSIBILITY', '1'), ('GDMSESSION', 'ubuntu'), ('LESSCLOSE', '/usr/bin/lesspipe %s %s'), ('LC_MEASUREMENT', 'fr_FR.UTF-8'), ('LC_IDENTIFICATION', 'fr_FR.UTF-8'), ('QT_IM_MODULE', 'ibus'), ('PWD', '/home/sarris/ros2_myproject/build/my_package'), ('LC_ALL', 'en_US.UTF-8'), ('XDG_CONFIG_DIRS', '/etc/xdg/xdg-ubuntu:/etc/xdg'), ('DBUS_STARTER_ADDRESS', 'unix:path=/run/user/1000/bus,guid=dde6f821217ee33fb8b4ce36699821dc'), ('XDG_DATA_DIRS', '/usr/share/ubuntu:/usr/local/share/:/usr/share/:/var/lib/snapd/desktop'), ('PYTHONPATH', '/opt/ros/humble/lib/python3.10/site-packages:/opt/ros/humble/local/lib/python3.10/dist-packages'), ('LC_NUMERIC', 'fr_FR.UTF-8'), ('LC_PAPER', 'fr_FR.UTF-8'), ('COLCON', '1'), ('VTE_VERSION', '6800'), ('CMAKE_PREFIX_PATH', '/opt/ros/humble')]), 'shell': False}
[0.017341] (my_package) StdoutLine: {'line': b'-- Found ament_cmake: 1.3.12 (/opt/ros/humble/share/ament_cmake/cmake)\n'}
[0.099515] (-) TimerEvent: {}
[0.108275] (my_package) StdoutLine: {'line': b'-- Found rclcpp: 16.0.17 (/opt/ros/humble/share/rclcpp/cmake)\n'}
[0.127132] (my_package) StdoutLine: {'line': b'-- Found rosidl_generator_c: 3.1.8 (/opt/ros/humble/share/rosidl_generator_c/cmake)\n'}
[0.128754] (my_package) StdoutLine: {'line': b'-- Found rosidl_adapter: 3.1.8 (/opt/ros/humble/share/rosidl_adapter/cmake)\n'}
[0.132640] (my_package) StdoutLine: {'line': b'-- Found rosidl_generator_cpp: 3.1.8 (/opt/ros/humble/share/rosidl_generator_cpp/cmake)\n'}
[0.138760] (my_package) StdoutLine: {'line': b'-- Using all available rosidl_typesupport_c: rosidl_typesupport_fastrtps_c;rosidl_typesupport_introspection_c\n'}
[0.146418] (my_package) StdoutLine: {'line': b'-- Using all available rosidl_typesupport_cpp: rosidl_typesupport_fastrtps_cpp;rosidl_typesupport_introspection_cpp\n'}
[0.166630] (my_package) StdoutLine: {'line': b'-- Found rmw_implementation_cmake: 6.1.2 (/opt/ros/humble/share/rmw_implementation_cmake/cmake)\n'}
[0.167506] (my_package) StdoutLine: {'line': b'-- Found rmw_fastrtps_cpp: 6.2.9 (/opt/ros/humble/share/rmw_fastrtps_cpp/cmake)\n'}
[0.199762] (-) TimerEvent: {}
[0.245793] (my_package) StdoutLine: {'line': b"-- Using RMW implementation 'rmw_fastrtps_cpp' as default\n"}
[0.279108] (my_package) StdoutLine: {'line': b'-- Found pluginlib: 5.1.3 (/opt/ros/humble/share/pluginlib/cmake)\n'}
[0.299979] (-) TimerEvent: {}
[0.332212] (my_package) StdoutLine: {'line': b'-- Configuring done\n'}
[0.339810] (my_package) StdoutLine: {'line': b'-- Generating done\n'}
[0.342313] (my_package) StdoutLine: {'line': b'-- Build files have been written to: /home/sarris/ros2_myproject/build/my_package\n'}
[0.347309] (my_package) CommandEnded: {'returncode': 0}
[0.348880] (my_package) JobProgress: {'identifier': 'my_package', 'progress': 'build'}
[0.349332] (my_package) Command: {'cmd': ['/usr/bin/cmake', '--build', '/home/sarris/ros2_myproject/build/my_package', '--', '-j12', '-l12'], 'cwd': '/home/sarris/ros2_myproject/build/my_package', 'env': OrderedDict([('LESSOPEN', '| /usr/bin/lesspipe %s'), ('USER', 'sarris'), ('LC_TIME', 'fr_FR.UTF-8'), ('XDG_SESSION_TYPE', 'wayland'), ('SHLVL', '1'), ('LD_LIBRARY_PATH', '/opt/ros/humble/opt/rviz_ogre_vendor/lib:/opt/ros/humble/lib/x86_64-linux-gnu:/opt/ros/humble/lib'), ('HOME', '/home/sarris'), ('OLDPWD', '/home/sarris/ros2_myproject/my_package'), ('DESKTOP_SESSION', 'ubuntu'), ('ROS_PYTHON_VERSION', '3'), ('GNOME_SHELL_SESSION_MODE', 'ubuntu'), ('GTK_MODULES', 'gail:atk-bridge'), ('LC_MONETARY', 'fr_FR.UTF-8'), ('DBUS_STARTER_BUS_TYPE', 'session'), ('SYSTEMD_EXEC_PID', '1488'), ('DBUS_SESSION_BUS_ADDRESS', 'unix:path=/run/user/1000/bus,guid=dde6f821217ee33fb8b4ce36699821dc'), ('COLORTERM', 'truecolor'), ('_colcon_cd_root', '/opt/ros/humble/'), ('IM_CONFIG_PHASE', '1'), ('WAYLAND_DISPLAY', 'wayland-0'), ('ROS_DISTRO', 'humble'), ('LOGNAME', 'sarris'), ('_', '/usr/bin/colcon'), ('ROS_VERSION', '2'), ('XDG_SESSION_CLASS', 'user'), ('USERNAME', 'sarris'), ('TERM', 'xterm-256color'), ('GNOME_DESKTOP_SESSION_ID', 'this-is-deprecated'), ('ROS_LOCALHOST_ONLY', '1'), ('PATH', '/opt/ros/humble/bin:/usr/local/sbin:/usr/local/bin:/usr/sbin:/usr/bin:/sbin:/bin:/usr/games:/usr/local/games:/snap/bin:/snap/bin'), ('SESSION_MANAGER', 'local/Sarrisofor:@/tmp/.ICE-unix/1488,unix/Sarrisofor:/tmp/.ICE-unix/1488'), ('XDG_MENU_PREFIX', 'gnome-'), ('LC_ADDRESS', 'fr_FR.UTF-8'), ('GNOME_TERMINAL_SCREEN', '/org/gnome/Terminal/screen/bc59141b_7186_4aa7_99de_7d9d558ff0de'), ('GNOME_SETUP_DISPLAY', ':1'), ('XDG_RUNTIME_DIR', '/run/user/1000'), ('DISPLAY', ':0'), ('LANG', 'en_US.UTF-8'), ('XDG_CURRENT_DESKTOP', 'ubuntu:GNOME'), ('LC_TELEPHONE', 'fr_FR.UTF-8'), ('XMODIFIERS', '@im=ibus'), ('XDG_SESSION_DESKTOP', 'ubuntu'), ('XAUTHORITY', '/run/user/1000/.mutter-Xwaylandauth.HKTAL3'), ('LS_COLORS', 'rs=0:di=01;34:ln=01;36:mh=00:pi=40;33:so=01;35:do=01;35:bd=40;33;01:cd=40;33;01:or=40;31;01:mi=00:su=37;41:sg=30;43:ca=30;41:tw=30;42:ow=34;42:st=37;44:ex=01;32:*.tar=01;31:*.tgz=01;31:*.arc=01;31:*.arj=01;31:*.taz=01;31:*.lha=01;31:*.lz4=01;31:*.lzh=01;31:*.lzma=01;31:*.tlz=01;31:*.txz=01;31:*.tzo=01;31:*.t7z=01;31:*.zip=01;31:*.z=01;31:*.dz=01;31:*.gz=01;31:*.lrz=01;31:*.lz=01;31:*.lzo=01;31:*.xz=01;31:*.zst=01;31:*.tzst=01;31:*.bz2=01;31:*.bz=01;31:*.tbz=01;31:*.tbz2=01;31:*.tz=01;31:*.deb=01;31:*.rpm=01;31:*.jar=01;31:*.war=01;31:*.ear=01;31:*.sar=01;31:*.rar=01;31:*.alz=01;31:*.ace=01;31:*.zoo=01;31:*.cpio=01;31:*.7z=01;31:*.rz=01;31:*.cab=01;31:*.wim=01;31:*.swm=01;31:*.dwm=01;31:*.esd=01;31:*.jpg=01;35:*.jpeg=01;35:*.mjpg=01;35:*.mjpeg=01;35:*.gif=01;35:*.bmp=01;35:*.pbm=01;35:*.pgm=01;35:*.ppm=01;35:*.tga=01;35:*.xbm=01;35:*.xpm=01;35:*.tif=01;35:*.tiff=01;35:*.png=01;35:*.svg=01;35:*.svgz=01;35:*.mng=01;35:*.pcx=01;35:*.mov=01;35:*.mpg=01;35:*.mpeg=01;35:*.m2v=01;35:*.mkv=01;35:*.webm=01;35:*.webp=01;35:*.ogm=01;35:*.mp4=01;35:*.m4v=01;35:*.mp4v=01;35:*.vob=01;35:*.qt=01;35:*.nuv=01;35:*.wmv=01;35:*.asf=01;35:*.rm=01;35:*.rmvb=01;35:*.flc=01;35:*.avi=01;35:*.fli=01;35:*.flv=01;35:*.gl=01;35:*.dl=01;35:*.xcf=01;35:*.xwd=01;35:*.yuv=01;35:*.cgm=01;35:*.emf=01;35:*.ogv=01;35:*.ogx=01;35:*.aac=00;36:*.au=00;36:*.flac=00;36:*.m4a=00;36:*.mid=00;36:*.midi=00;36:*.mka=00;36:*.mp3=00;36:*.mpc=00;36:*.ogg=00;36:*.ra=00;36:*.wav=00;36:*.oga=00;36:*.opus=00;36:*.spx=00;36:*.xspf=00;36:'), ('GNOME_TERMINAL_SERVICE', ':1.121'), ('SSH_AGENT_LAUNCHER', 'gnome-keyring'), ('SSH_AUTH_SOCK', '/run/user/1000/keyring/ssh'), ('ROS_DOMAIN_ID', '1'), ('AMENT_PREFIX_PATH', '/opt/ros/humble'), ('SHELL', '/bin/bash'), ('LC_NAME', 'fr_FR.UTF-8'), ('QT_ACCESSIBILITY', '1'), ('GDMSESSION', 'ubuntu'), ('LESSCLOSE', '/usr/bin/lesspipe %s %s'), ('LC_MEASUREMENT', 'fr_FR.UTF-8'), ('LC_IDENTIFICATION', 'fr_FR.UTF-8'), ('QT_IM_MODULE', 'ibus'), ('PWD', '/home/sarris/ros2_myproject/build/my_package'), ('LC_ALL', 'en_US.UTF-8'), ('XDG_CONFIG_DIRS', '/etc/xdg/xdg-ubuntu:/etc/xdg'), ('DBUS_STARTER_ADDRESS', 'unix:path=/run/user/1000/bus,guid=dde6f821217ee33fb8b4ce36699821dc'), ('XDG_DATA_DIRS', '/usr/share/ubuntu:/usr/local/share/:/usr/share/:/var/lib/snapd/desktop'), ('PYTHONPATH', '/opt/ros/humble/lib/python3.10/site-packages:/opt/ros/humble/local/lib/python3.10/dist-packages'), ('LC_NUMERIC', 'fr_FR.UTF-8'), ('LC_PAPER', 'fr_FR.UTF-8'), ('COLCON', '1'), ('VTE_VERSION', '6800'), ('CMAKE_PREFIX_PATH', '/opt/ros/humble')]), 'shell': False}
[0.394979] (my_package) StdoutLine: {'line': b'[ 40%] \x1b[32mBuilding CXX object CMakeFiles/point_plugins_lib.dir/src/Point3D.cpp.o\x1b[0m\n'}
[0.395198] (my_package) StdoutLine: {'line': b'[ 40%] \x1b[32mBuilding CXX object CMakeFiles/point_plugins_lib.dir/src/Point2D.cpp.o\x1b[0m\n'}
[0.399348] (my_package) StdoutLine: {'line': b'[ 60%] \x1b[32mBuilding CXX object CMakeFiles/points_node.dir/src/Points_node.cpp.o\x1b[0m\n'}
[0.400049] (-) TimerEvent: {}
[0.403523] (my_package) StderrLine: {'line': b'\x1b[01m\x1b[K/home/sarris/ros2_myproject/my_package/src/Point2D.cpp:1:10:\x1b[m\x1b[K \x1b[01;31m\x1b[Kfatal error: \x1b[m\x1b[KGeometry/point.hpp>: No such file or directory\n'}
[0.403749] (my_package) StderrLine: {'line': b'    1 | #include \x1b[01;31m\x1b[K"Geometry/point.hpp>"\x1b[m\x1b[K\n'}
[0.403868] (my_package) StderrLine: {'line': b'      |          \x1b[01;31m\x1b[K^~~~~~~~~~~~~~~~~~~~~\x1b[m\x1b[K\n'}
[0.403986] (my_package) StderrLine: {'line': b'compilation terminated.\n'}
[0.404088] (my_package) StderrLine: {'line': b'\x1b[01m\x1b[K/home/sarris/ros2_myproject/my_package/src/Point3D.cpp:1:10:\x1b[m\x1b[K \x1b[01;31m\x1b[Kfatal error: \x1b[m\x1b[KGeometry/point.hpp: No such file or directory\n'}
[0.404196] (my_package) StderrLine: {'line': b'    1 | #include \x1b[01;31m\x1b[K"Geometry/point.hpp"\x1b[m\x1b[K\n'}
[0.404301] (my_package) StderrLine: {'line': b'      |          \x1b[01;31m\x1b[K^~~~~~~~~~~~~~~~~~~~\x1b[m\x1b[K\n'}
[0.404402] (my_package) StderrLine: {'line': b'compilation terminated.\n'}
[0.404569] (my_package) StderrLine: {'line': b'gmake[2]: *** [CMakeFiles/point_plugins_lib.dir/build.make:76: CMakeFiles/point_plugins_lib.dir/src/Point2D.cpp.o] Error 1\n'}
[0.404680] (my_package) StderrLine: {'line': b'gmake[2]: *** Waiting for unfinished jobs....\n'}
[0.404817] (my_package) StderrLine: {'line': b'gmake[2]: *** [CMakeFiles/point_plugins_lib.dir/build.make:90: CMakeFiles/point_plugins_lib.dir/src/Point3D.cpp.o] Error 1\n'}
[0.404961] (my_package) StderrLine: {'line': b'gmake[1]: *** [CMakeFiles/Makefile2:139: CMakeFiles/point_plugins_lib.dir/all] Error 2\n'}
[0.405063] (my_package) StderrLine: {'line': b'gmake[1]: *** Waiting for unfinished jobs....\n'}
[0.420134] (my_package) StderrLine: {'line': b'\x1b[01m\x1b[K/home/sarris/ros2_myproject/my_package/src/Points_node.cpp:\x1b[m\x1b[K In function \xe2\x80\x98\x1b[01m\x1b[Kint main(int, char**)\x1b[m\x1b[K\xe2\x80\x99:\n'}
[0.420251] (my_package) StderrLine: {'line': b'\x1b[01m\x1b[K/home/sarris/ros2_myproject/my_package/src/Points_node.cpp:7:3:\x1b[m\x1b[K \x1b[01;31m\x1b[Kerror: \x1b[m\x1b[K\xe2\x80\x98\x1b[01m\x1b[Kpluginlib\x1b[m\x1b[K\xe2\x80\x99 has not been declared\n'}
[0.420341] (my_package) StderrLine: {'line': b'    7 |   \x1b[01;31m\x1b[Kpluginlib\x1b[m\x1b[K::ClassLoader<Geometry::Point> point_loader ("my_package","Geometry::Point");\n'}
[0.420461] (my_package) StderrLine: {'line': b'      |   \x1b[01;31m\x1b[K^~~~~~~~~\x1b[m\x1b[K\n'}
[0.420548] (my_package) StderrLine: {'line': b'\x1b[01m\x1b[K/home/sarris/ros2_myproject/my_package/src/Points_node.cpp:7:26:\x1b[m\x1b[K \x1b[01;31m\x1b[Kerror: \x1b[m\x1b[K\xe2\x80\x98\x1b[01m\x1b[KGeometry\x1b[m\x1b[K\xe2\x80\x99 has not been declared\n'}
[0.420639] (my_package) StderrLine: {'line': b'    7 |   pluginlib::ClassLoader<\x1b[01;31m\x1b[KGeometry\x1b[m\x1b[K::Point> point_loader ("my_package","Geometry::Point");\n'}
[0.420725] (my_package) StderrLine: {'line': b'      |                          \x1b[01;31m\x1b[K^~~~~~~~\x1b[m\x1b[K\n'}
[0.421096] (my_package) StderrLine: {'line': b'\x1b[01m\x1b[K/home/sarris/ros2_myproject/my_package/src/Points_node.cpp:7:43:\x1b[m\x1b[K \x1b[01;31m\x1b[Kerror: \x1b[m\x1b[K\xe2\x80\x98\x1b[01m\x1b[Kpoint_loader\x1b[m\x1b[K\xe2\x80\x99 was not declared in this scope\n'}
[0.421205] (my_package) StderrLine: {'line': b'    7 |   pluginlib::ClassLoader<Geometry::Point> \x1b[01;31m\x1b[Kpoint_loader\x1b[m\x1b[K ("my_package","Geometry::Point");\n'}
[0.421289] (my_package) StderrLine: {'line': b'      |                                           \x1b[01;31m\x1b[K^~~~~~~~~~~~\x1b[m\x1b[K\n'}
[0.421494] (my_package) StderrLine: {'line': b'\x1b[01m\x1b[K/home/sarris/ros2_myproject/my_package/src/Points_node.cpp:11:14:\x1b[m\x1b[K \x1b[01;31m\x1b[Kerror: \x1b[m\x1b[K\xe2\x80\x98\x1b[01m\x1b[Kshare_ptr\x1b[m\x1b[K\xe2\x80\x99 is not a member of \xe2\x80\x98\x1b[01m\x1b[Kstd\x1b[m\x1b[K\xe2\x80\x99\n'}
[0.421581] (my_package) StderrLine: {'line': b'   11 |         std::\x1b[01;31m\x1b[Kshare_ptr\x1b[m\x1b[K<Geometry::Point> p2d=point_loader.createSharedInstance("Geometry::Point2D");\n'}
[0.421665] (my_package) StderrLine: {'line': b'      |              \x1b[01;31m\x1b[K^~~~~~~~~\x1b[m\x1b[K\n'}
[0.421746] (my_package) StderrLine: {'line': b'\x1b[01m\x1b[K/home/sarris/ros2_myproject/my_package/src/Points_node.cpp:11:24:\x1b[m\x1b[K \x1b[01;31m\x1b[Kerror: \x1b[m\x1b[K\xe2\x80\x98\x1b[01m\x1b[KGeometry\x1b[m\x1b[K\xe2\x80\x99 has not been declared\n'}
[0.421834] (my_package) StderrLine: {'line': b'   11 |         std::share_ptr<\x1b[01;31m\x1b[KGeometry\x1b[m\x1b[K::Point> p2d=point_loader.createSharedInstance("Geometry::Point2D");\n'}
[0.421956] (my_package) StderrLine: {'line': b'      |                        \x1b[01;31m\x1b[K^~~~~~~~\x1b[m\x1b[K\n'}
[0.422039] (my_package) StderrLine: {'line': b'\x1b[01m\x1b[K/home/sarris/ros2_myproject/my_package/src/Points_node.cpp:11:41:\x1b[m\x1b[K \x1b[01;31m\x1b[Kerror: \x1b[m\x1b[K\xe2\x80\x98\x1b[01m\x1b[Kp2d\x1b[m\x1b[K\xe2\x80\x99 was not declared in this scope\n'}
[0.422128] (my_package) StderrLine: {'line': b'   11 |         std::share_ptr<Geometry::Point> \x1b[01;31m\x1b[Kp2d\x1b[m\x1b[K=point_loader.createSharedInstance("Geometry::Point2D");\n'}
[0.422216] (my_package) StderrLine: {'line': b'      |                                         \x1b[01;31m\x1b[K^~~\x1b[m\x1b[K\n'}
[0.422356] (my_package) StderrLine: {'line': b'\x1b[01m\x1b[K/home/sarris/ros2_myproject/my_package/src/Points_node.cpp:13:14:\x1b[m\x1b[K \x1b[01;31m\x1b[Kerror: \x1b[m\x1b[K\xe2\x80\x98\x1b[01m\x1b[Kshare_ptr\x1b[m\x1b[K\xe2\x80\x99 is not a member of \xe2\x80\x98\x1b[01m\x1b[Kstd\x1b[m\x1b[K\xe2\x80\x99\n'}
[0.422441] (my_package) StderrLine: {'line': b'   13 |         std::\x1b[01;31m\x1b[Kshare_ptr\x1b[m\x1b[K<Geometry::Point> p3d=point_loader.createSharedInstance("Geometry::Point3D");\n'}
[0.422525] (my_package) StderrLine: {'line': b'      |              \x1b[01;31m\x1b[K^~~~~~~~~\x1b[m\x1b[K\n'}
[0.422609] (my_package) StderrLine: {'line': b'\x1b[01m\x1b[K/home/sarris/ros2_myproject/my_package/src/Points_node.cpp:13:24:\x1b[m\x1b[K \x1b[01;31m\x1b[Kerror: \x1b[m\x1b[K\xe2\x80\x98\x1b[01m\x1b[KGeometry\x1b[m\x1b[K\xe2\x80\x99 has not been declared\n'}
[0.422696] (my_package) StderrLine: {'line': b'   13 |         std::share_ptr<\x1b[01;31m\x1b[KGeometry\x1b[m\x1b[K::Point> p3d=point_loader.createSharedInstance("Geometry::Point3D");\n'}
[0.422783] (my_package) StderrLine: {'line': b'      |                        \x1b[01;31m\x1b[K^~~~~~~~\x1b[m\x1b[K\n'}
[0.422986] (my_package) StderrLine: {'line': b'\x1b[01m\x1b[K/home/sarris/ros2_myproject/my_package/src/Points_node.cpp:13:41:\x1b[m\x1b[K \x1b[01;31m\x1b[Kerror: \x1b[m\x1b[K\xe2\x80\x98\x1b[01m\x1b[Kp3d\x1b[m\x1b[K\xe2\x80\x99 was not declared in this scope\n'}
[0.423077] (my_package) StderrLine: {'line': b'   13 |         std::share_ptr<Geometry::Point> \x1b[01;31m\x1b[Kp3d\x1b[m\x1b[K=point_loader.createSharedInstance("Geometry::Point3D");\n'}
[0.423166] (my_package) StderrLine: {'line': b'      |                                         \x1b[01;31m\x1b[K^~~\x1b[m\x1b[K\n'}
[0.423249] (my_package) StderrLine: {'line': b'\x1b[01m\x1b[K/home/sarris/ros2_myproject/my_package/src/Points_node.cpp:20:2:\x1b[m\x1b[K \x1b[01;31m\x1b[Kerror: \x1b[m\x1b[Kexpected \xe2\x80\x98\x1b[01m\x1b[Kcatch\x1b[m\x1b[K\xe2\x80\x99 at end of input\n'}
[0.423335] (my_package) StderrLine: {'line': b'   20 | }\n'}
[0.423417] (my_package) StderrLine: {'line': b'      |  \x1b[01;31m\x1b[K^\x1b[m\x1b[K\n'}
[0.423499] (my_package) StderrLine: {'line': b'\x1b[01m\x1b[K/home/sarris/ros2_myproject/my_package/src/Points_node.cpp:20:2:\x1b[m\x1b[K \x1b[01;31m\x1b[Kerror: \x1b[m\x1b[Kexpected \xe2\x80\x98\x1b[01m\x1b[K(\x1b[m\x1b[K\xe2\x80\x99 at end of input\n'}
[0.423580] (my_package) StderrLine: {'line': b'   20 | }\n'}
[0.423660] (my_package) StderrLine: {'line': b'      |  \x1b[01;31m\x1b[K^\x1b[m\x1b[K\n'}
[0.423738] (my_package) StderrLine: {'line': b'      |  \x1b[32m\x1b[K(\x1b[m\x1b[K\n'}
[0.423822] (my_package) StderrLine: {'line': b'\x1b[01m\x1b[K/home/sarris/ros2_myproject/my_package/src/Points_node.cpp:20:2:\x1b[m\x1b[K \x1b[01;31m\x1b[Kerror: \x1b[m\x1b[Kexpected type-specifier at end of input\n'}
[0.423928] (my_package) StderrLine: {'line': b'\x1b[01m\x1b[K/home/sarris/ros2_myproject/my_package/src/Points_node.cpp:20:2:\x1b[m\x1b[K \x1b[01;31m\x1b[Kerror: \x1b[m\x1b[Kexpected \xe2\x80\x98\x1b[01m\x1b[K)\x1b[m\x1b[K\xe2\x80\x99 at end of input\n'}
[0.424040] (my_package) StderrLine: {'line': b'   20 | }\n'}
[0.424127] (my_package) StderrLine: {'line': b'      |  \x1b[01;31m\x1b[K^\x1b[m\x1b[K\n'}
[0.424212] (my_package) StderrLine: {'line': b'      |  \x1b[32m\x1b[K)\x1b[m\x1b[K\n'}
[0.424296] (my_package) StderrLine: {'line': b'\x1b[01m\x1b[K/home/sarris/ros2_myproject/my_package/src/Points_node.cpp:20:2:\x1b[m\x1b[K \x1b[01;31m\x1b[Kerror: \x1b[m\x1b[Kexpected \xe2\x80\x98\x1b[01m\x1b[K{\x1b[m\x1b[K\xe2\x80\x99 at end of input\n'}
[0.424381] (my_package) StderrLine: {'line': b'\x1b[01m\x1b[K/home/sarris/ros2_myproject/my_package/src/Points_node.cpp:20:2:\x1b[m\x1b[K \x1b[01;31m\x1b[Kerror: \x1b[m\x1b[Kexpected \xe2\x80\x98\x1b[01m\x1b[K}\x1b[m\x1b[K\xe2\x80\x99 at end of input\n'}
[0.424464] (my_package) StderrLine: {'line': b'\x1b[01m\x1b[K/home/sarris/ros2_myproject/my_package/src/Points_node.cpp:4:1:\x1b[m\x1b[K \x1b[01;36m\x1b[Knote: \x1b[m\x1b[Kto match this \xe2\x80\x98\x1b[01m\x1b[K{\x1b[m\x1b[K\xe2\x80\x99\n'}
[0.424548] (my_package) StderrLine: {'line': b'    4 | \x1b[01;36m\x1b[K{\x1b[m\x1b[K\n'}
[0.424631] (my_package) StderrLine: {'line': b'      | \x1b[01;36m\x1b[K^\x1b[m\x1b[K\n'}
[0.424713] (my_package) StderrLine: {'line': b'gmake[2]: *** [CMakeFiles/points_node.dir/build.make:76: CMakeFiles/points_node.dir/src/Points_node.cpp.o] Error 1\n'}
[0.424832] (my_package) StderrLine: {'line': b'gmake[1]: *** [CMakeFiles/Makefile2:165: CMakeFiles/points_node.dir/all] Error 2\n'}
[0.424926] (my_package) StderrLine: {'line': b'gmake: *** [Makefile:146: all] Error 2\n'}
[0.426045] (my_package) CommandEnded: {'returncode': 2}
[0.431626] (my_package) JobEnded: {'identifier': 'my_package', 'rc': 2}
[0.442072] (-) EventReactorShutdown: {}
