[35m[1mConsolidate compiler generated dependencies of target point_plugins_lib[0m
[ 40%] Built target points_node
[ 60%] [32mBuilding CXX object CMakeFiles/point_plugins_lib.dir/src/Point2D.cpp.o[0m
[01m[K/home/sarris/ros2_myproject/my_package/src/Point2D.cpp:[m[K In member function â€˜[01m[Kvirtual void Geometry::Point2D::setZ(double)[m[Kâ€™:
[01m[K/home/sarris/ros2_myproject/my_package/src/Point2D.cpp:28:54:[m[K [01;31m[Kerror: [m[Kâ€˜[01m[Kz[m[Kâ€™ was not declared in this scope
   28 |                 void setZ(double y) override { (void)[01;31m[Kz[m[K }
      |                                                      [01;31m[K^[m[K
gmake[2]: *** [CMakeFiles/point_plugins_lib.dir/build.make:76: CMakeFiles/point_plugins_lib.dir/src/Point2D.cpp.o] Error 1
gmake[1]: *** [CMakeFiles/Makefile2:139: CMakeFiles/point_plugins_lib.dir/all] Error 2
gmake: *** [Makefile:146: all] Error 2
