[0.007s] Invoking command in '/home/sarris/ros2_myproject/build/my_package': CMAKE_PREFIX_PATH=/opt/ros/humble /usr/bin/cmake --build /home/sarris/ros2_myproject/build/my_package -- -j12 -l12
[0.069s] [35m[1mConsolidate compiler generated dependencies of target point_plugins_lib[0m
[0.085s] [ 40%] Built target points_node
[0.086s] [ 60%] [32mBuilding CXX object CMakeFiles/point_plugins_lib.dir/src/Point2D.cpp.o[0m
[0.272s] [01m[K/home/sarris/ros2_myproject/my_package/src/Point2D.cpp:[m[K In member function â€˜[01m[Kvirtual void Geometry::Point2D::setZ(double)[m[Kâ€™:
[0.272s] [01m[K/home/sarris/ros2_myproject/my_package/src/Point2D.cpp:28:54:[m[K [01;31m[Kerror: [m[Kâ€˜[01m[Kz[m[Kâ€™ was not declared in this scope
[0.272s]    28 |                 void setZ(double y) override { (void)[01;31m[Kz[m[K }
[0.272s]       |                                                      [01;31m[K^[m[K
[0.446s] gmake[2]: *** [CMakeFiles/point_plugins_lib.dir/build.make:76: CMakeFiles/point_plugins_lib.dir/src/Point2D.cpp.o] Error 1
[0.447s] gmake[1]: *** [CMakeFiles/Makefile2:139: CMakeFiles/point_plugins_lib.dir/all] Error 2
[0.447s] gmake: *** [Makefile:146: all] Error 2
[0.449s] Invoked command in '/home/sarris/ros2_myproject/build/my_package' returned '2': CMAKE_PREFIX_PATH=/opt/ros/humble /usr/bin/cmake --build /home/sarris/ros2_myproject/build/my_package -- -j12 -l12
