[0.000000] (-) TimerEvent: {}
[0.000347] (my_package) JobQueued: {'identifier': 'my_package', 'dependencies': OrderedDict()}
[0.000859] (my_package) JobStarted: {'identifier': 'my_package'}
[0.006210] (my_package) JobProgress: {'identifier': 'my_package', 'progress': 'cmake'}
[0.006883] (my_package) JobProgress: {'identifier': 'my_package', 'progress': 'build'}
[0.007683] (my_package) Command: {'cmd': ['/usr/bin/cmake', '--build', '/home/sarris/ros2_myproject/build/my_package', '--', '-j12', '-l12'], 'cwd': '/home/sarris/ros2_myproject/build/my_package', 'env': OrderedDict([('LESSOPEN', '| /usr/bin/lesspipe %s'), ('USER', 'sarris'), ('LC_TIME', 'fr_FR.UTF-8'), ('XDG_SESSION_TYPE', 'wayland'), ('SHLVL', '1'), ('LD_LIBRARY_PATH', '/opt/ros/humble/opt/rviz_ogre_vendor/lib:/opt/ros/humble/lib/x86_64-linux-gnu:/opt/ros/humble/lib'), ('HOME', '/home/sarris'), ('OLDPWD', '/home/sarris/ros2_myproject/my_package'), ('DESKTOP_SESSION', 'ubuntu'), ('ROS_PYTHON_VERSION', '3'), ('GNOME_SHELL_SESSION_MODE', 'ubuntu'), ('GTK_MODULES', 'gail:atk-bridge'), ('LC_MONETARY', 'fr_FR.UTF-8'), ('DBUS_STARTER_BUS_TYPE', 'session'), ('SYSTEMD_EXEC_PID', '1488'), ('DBUS_SESSION_BUS_ADDRESS', 'unix:path=/run/user/1000/bus,guid=dde6f821217ee33fb8b4ce36699821dc'), ('COLORTERM', 'truecolor'), ('_colcon_cd_root', '/opt/ros/humble/'), ('IM_CONFIG_PHASE', '1'), ('WAYLAND_DISPLAY', 'wayland-0'), ('ROS_DISTRO', 'humble'), ('LOGNAME', 'sarris'), ('_', '/usr/bin/colcon'), ('ROS_VERSION', '2'), ('XDG_SESSION_CLASS', 'user'), ('USERNAME', 'sarris'), ('TERM', 'xterm-256color'), ('GNOME_DESKTOP_SESSION_ID', 'this-is-deprecated'), ('ROS_LOCALHOST_ONLY', '1'), ('PATH', '/opt/ros/humble/bin:/usr/local/sbin:/usr/local/bin:/usr/sbin:/usr/bin:/sbin:/bin:/usr/games:/usr/local/games:/snap/bin:/snap/bin'), ('SESSION_MANAGER', 'local/Sarrisofor:@/tmp/.ICE-unix/1488,unix/Sarrisofor:/tmp/.ICE-unix/1488'), ('XDG_MENU_PREFIX', 'gnome-'), ('LC_ADDRESS', 'fr_FR.UTF-8'), ('GNOME_TERMINAL_SCREEN', '/org/gnome/Terminal/screen/bc59141b_7186_4aa7_99de_7d9d558ff0de'), ('GNOME_SETUP_DISPLAY', ':1'), ('XDG_RUNTIME_DIR', '/run/user/1000'), ('DISPLAY', ':0'), ('LANG', 'en_US.UTF-8'), ('XDG_CURRENT_DESKTOP', 'ubuntu:GNOME'), ('LC_TELEPHONE', 'fr_FR.UTF-8'), ('XMODIFIERS', '@im=ibus'), ('XDG_SESSION_DESKTOP', 'ubuntu'), ('XAUTHORITY', '/run/user/1000/.mutter-Xwaylandauth.HKTAL3'), ('LS_COLORS', 'rs=0:di=01;34:ln=01;36:mh=00:pi=40;33:so=01;35:do=01;35:bd=40;33;01:cd=40;33;01:or=40;31;01:mi=00:su=37;41:sg=30;43:ca=30;41:tw=30;42:ow=34;42:st=37;44:ex=01;32:*.tar=01;31:*.tgz=01;31:*.arc=01;31:*.arj=01;31:*.taz=01;31:*.lha=01;31:*.lz4=01;31:*.lzh=01;31:*.lzma=01;31:*.tlz=01;31:*.txz=01;31:*.tzo=01;31:*.t7z=01;31:*.zip=01;31:*.z=01;31:*.dz=01;31:*.gz=01;31:*.lrz=01;31:*.lz=01;31:*.lzo=01;31:*.xz=01;31:*.zst=01;31:*.tzst=01;31:*.bz2=01;31:*.bz=01;31:*.tbz=01;31:*.tbz2=01;31:*.tz=01;31:*.deb=01;31:*.rpm=01;31:*.jar=01;31:*.war=01;31:*.ear=01;31:*.sar=01;31:*.rar=01;31:*.alz=01;31:*.ace=01;31:*.zoo=01;31:*.cpio=01;31:*.7z=01;31:*.rz=01;31:*.cab=01;31:*.wim=01;31:*.swm=01;31:*.dwm=01;31:*.esd=01;31:*.jpg=01;35:*.jpeg=01;35:*.mjpg=01;35:*.mjpeg=01;35:*.gif=01;35:*.bmp=01;35:*.pbm=01;35:*.pgm=01;35:*.ppm=01;35:*.tga=01;35:*.xbm=01;35:*.xpm=01;35:*.tif=01;35:*.tiff=01;35:*.png=01;35:*.svg=01;35:*.svgz=01;35:*.mng=01;35:*.pcx=01;35:*.mov=01;35:*.mpg=01;35:*.mpeg=01;35:*.m2v=01;35:*.mkv=01;35:*.webm=01;35:*.webp=01;35:*.ogm=01;35:*.mp4=01;35:*.m4v=01;35:*.mp4v=01;35:*.vob=01;35:*.qt=01;35:*.nuv=01;35:*.wmv=01;35:*.asf=01;35:*.rm=01;35:*.rmvb=01;35:*.flc=01;35:*.avi=01;35:*.fli=01;35:*.flv=01;35:*.gl=01;35:*.dl=01;35:*.xcf=01;35:*.xwd=01;35:*.yuv=01;35:*.cgm=01;35:*.emf=01;35:*.ogv=01;35:*.ogx=01;35:*.aac=00;36:*.au=00;36:*.flac=00;36:*.m4a=00;36:*.mid=00;36:*.midi=00;36:*.mka=00;36:*.mp3=00;36:*.mpc=00;36:*.ogg=00;36:*.ra=00;36:*.wav=00;36:*.oga=00;36:*.opus=00;36:*.spx=00;36:*.xspf=00;36:'), ('GNOME_TERMINAL_SERVICE', ':1.121'), ('SSH_AGENT_LAUNCHER', 'gnome-keyring'), ('SSH_AUTH_SOCK', '/run/user/1000/keyring/ssh'), ('ROS_DOMAIN_ID', '1'), ('AMENT_PREFIX_PATH', '/opt/ros/humble'), ('SHELL', '/bin/bash'), ('LC_NAME', 'fr_FR.UTF-8'), ('QT_ACCESSIBILITY', '1'), ('GDMSESSION', 'ubuntu'), ('LESSCLOSE', '/usr/bin/lesspipe %s %s'), ('LC_MEASUREMENT', 'fr_FR.UTF-8'), ('LC_IDENTIFICATION', 'fr_FR.UTF-8'), ('QT_IM_MODULE', 'ibus'), ('PWD', '/home/sarris/ros2_myproject/build/my_package'), ('LC_ALL', 'en_US.UTF-8'), ('XDG_CONFIG_DIRS', '/etc/xdg/xdg-ubuntu:/etc/xdg'), ('DBUS_STARTER_ADDRESS', 'unix:path=/run/user/1000/bus,guid=dde6f821217ee33fb8b4ce36699821dc'), ('XDG_DATA_DIRS', '/usr/share/ubuntu:/usr/local/share/:/usr/share/:/var/lib/snapd/desktop'), ('PYTHONPATH', '/opt/ros/humble/lib/python3.10/site-packages:/opt/ros/humble/local/lib/python3.10/dist-packages'), ('LC_NUMERIC', 'fr_FR.UTF-8'), ('LC_PAPER', 'fr_FR.UTF-8'), ('COLCON', '1'), ('VTE_VERSION', '6800'), ('CMAKE_PREFIX_PATH', '/opt/ros/humble')]), 'shell': False}
[0.050379] (my_package) StdoutLine: {'line': b'\x1b[35m\x1b[1mConsolidate compiler generated dependencies of target point_plugins_lib\x1b[0m\n'}
[0.059373] (my_package) StdoutLine: {'line': b'[ 20%] \x1b[32mBuilding CXX object CMakeFiles/point_plugins_lib.dir/src/Point2D.cpp.o\x1b[0m\n'}
[0.060116] (my_package) StdoutLine: {'line': b'[ 40%] \x1b[32mBuilding CXX object CMakeFiles/points_node.dir/src/Points_node.cpp.o\x1b[0m\n'}
[0.064190] (my_package) StdoutLine: {'line': b'[ 60%] \x1b[32mBuilding CXX object CMakeFiles/point_plugins_lib.dir/src/Point3D.cpp.o\x1b[0m\n'}
[0.099944] (-) TimerEvent: {}
[0.132972] (my_package) StderrLine: {'line': b'\x1b[01m\x1b[K/home/sarris/ros2_myproject/my_package/src/Points_node.cpp:2:10:\x1b[m\x1b[K \x1b[01;31m\x1b[Kfatal error: \x1b[m\x1b[KGeometry/point.hpp: No such file or directory\n'}
[0.133195] (my_package) StderrLine: {'line': b'    2 | #include \x1b[01;31m\x1b[K"Geometry/point.hpp"\x1b[m\x1b[K // Matches your include directory structure\n'}
[0.133290] (my_package) StderrLine: {'line': b'      |          \x1b[01;31m\x1b[K^~~~~~~~~~~~~~~~~~~~\x1b[m\x1b[K\n'}
[0.133374] (my_package) StderrLine: {'line': b'compilation terminated.\n'}
[0.134526] (my_package) StderrLine: {'line': b'gmake[2]: *** [CMakeFiles/points_node.dir/build.make:76: CMakeFiles/points_node.dir/src/Points_node.cpp.o] Error 1\n'}
[0.134766] (my_package) StderrLine: {'line': b'gmake[1]: *** [CMakeFiles/Makefile2:165: CMakeFiles/points_node.dir/all] Error 2\n'}
[0.134897] (my_package) StderrLine: {'line': b'gmake[1]: *** Waiting for unfinished jobs....\n'}
[0.200183] (-) TimerEvent: {}
[0.242085] (my_package) StderrLine: {'line': b'\x1b[01m\x1b[K/home/sarris/ros2_myproject/my_package/src/Point2D.cpp:\x1b[m\x1b[K In member function \xe2\x80\x98\x1b[01m\x1b[Kvirtual double Geometry::Point2D::magnitude() const\x1b[m\x1b[K\xe2\x80\x99:\n'}
[0.242290] (my_package) StderrLine: {'line': b'\x1b[01m\x1b[K/home/sarris/ros2_myproject/my_package/src/Point2D.cpp:19:41:\x1b[m\x1b[K \x1b[01;31m\x1b[Kerror: \x1b[m\x1b[Kno matching function for call to \xe2\x80\x98\x1b[01m\x1b[Ksqrt(double, double)\x1b[m\x1b[K\xe2\x80\x99\n'}
[0.242388] (my_package) StderrLine: {'line': b'   19 |                         return \x1b[01;31m\x1b[Kstd::sqrt(x_*x_,y_*y_)\x1b[m\x1b[K;\n'}
[0.242475] (my_package) StderrLine: {'line': b'      |                                \x1b[01;31m\x1b[K~~~~~~~~~^~~~~~~~~~~~~\x1b[m\x1b[K\n'}
[0.245105] (my_package) StderrLine: {'line': b'In file included from \x1b[01m\x1b[K/home/sarris/ros2_myproject/my_package/src/Point2D.cpp:3\x1b[m\x1b[K:\n'}
[0.245245] (my_package) StderrLine: {'line': b'\x1b[01m\x1b[K/usr/include/c++/11/cmath:475:5:\x1b[m\x1b[K \x1b[01;36m\x1b[Knote: \x1b[m\x1b[Kcandidate: \xe2\x80\x98\x1b[01m\x1b[Ktemplate<class _Tp> constexpr typename __gnu_cxx::__enable_if<std::__is_integer<_Tp>::__value, double>::__type std::sqrt(_Tp)\x1b[m\x1b[K\xe2\x80\x99\n'}
[0.245553] (my_package) StderrLine: {'line': b'  475 |     \x1b[01;36m\x1b[Ksqrt\x1b[m\x1b[K(_Tp __x)\n'}
[0.245659] (my_package) StderrLine: {'line': b'      |     \x1b[01;36m\x1b[K^~~~\x1b[m\x1b[K\n'}
[0.245747] (my_package) StderrLine: {'line': b'\x1b[01m\x1b[K/usr/include/c++/11/cmath:475:5:\x1b[m\x1b[K \x1b[01;36m\x1b[Knote: \x1b[m\x1b[K  template argument deduction/substitution failed:\n'}
[0.245857] (my_package) StderrLine: {'line': b'\x1b[01m\x1b[K/home/sarris/ros2_myproject/my_package/src/Point2D.cpp:19:41:\x1b[m\x1b[K \x1b[01;36m\x1b[Knote: \x1b[m\x1b[K  candidate expects 1 argument, 2 provided\n'}
[0.245949] (my_package) StderrLine: {'line': b'   19 |                         return \x1b[01;36m\x1b[Kstd::sqrt(x_*x_,y_*y_)\x1b[m\x1b[K;\n'}
[0.246029] (my_package) StderrLine: {'line': b'      |                                \x1b[01;36m\x1b[K~~~~~~~~~^~~~~~~~~~~~~\x1b[m\x1b[K\n'}
[0.246107] (my_package) StderrLine: {'line': b'In file included from \x1b[01m\x1b[K/usr/include/features.h:486\x1b[m\x1b[K,\n'}
[0.246186] (my_package) StderrLine: {'line': b'                 from \x1b[01m\x1b[K/usr/include/x86_64-linux-gnu/c++/11/bits/os_defines.h:39\x1b[m\x1b[K,\n'}
[0.246264] (my_package) StderrLine: {'line': b'                 from \x1b[01m\x1b[K/usr/include/x86_64-linux-gnu/c++/11/bits/c++config.h:586\x1b[m\x1b[K,\n'}
[0.246341] (my_package) StderrLine: {'line': b'                 from \x1b[01m\x1b[K/usr/include/c++/11/iostream:38\x1b[m\x1b[K,\n'}
[0.246417] (my_package) StderrLine: {'line': b'                 from \x1b[01m\x1b[K/home/sarris/ros2_myproject/my_package/src/Point2D.cpp:2\x1b[m\x1b[K:\n'}
[0.246494] (my_package) StderrLine: {'line': b'\x1b[01m\x1b[K/usr/include/x86_64-linux-gnu/bits/mathcalls.h:143:1:\x1b[m\x1b[K \x1b[01;36m\x1b[Knote: \x1b[m\x1b[Kcandidate: \xe2\x80\x98\x1b[01m\x1b[Kdouble sqrt(double)\x1b[m\x1b[K\xe2\x80\x99\n'}
[0.246572] (my_package) StderrLine: {'line': b'  143 | \x1b[01;36m\x1b[K__MATHCALL\x1b[m\x1b[K (sqrt,, (_Mdouble_ __x));\n'}
[0.246650] (my_package) StderrLine: {'line': b'      | \x1b[01;36m\x1b[K^~~~~~~~~~\x1b[m\x1b[K\n'}
[0.246729] (my_package) StderrLine: {'line': b'\x1b[01m\x1b[K/usr/include/x86_64-linux-gnu/bits/mathcalls.h:143:1:\x1b[m\x1b[K \x1b[01;36m\x1b[Knote: \x1b[m\x1b[K  candidate expects 1 argument, 2 provided\n'}
[0.246807] (my_package) StderrLine: {'line': b'In file included from \x1b[01m\x1b[K/home/sarris/ros2_myproject/my_package/src/Point2D.cpp:3\x1b[m\x1b[K:\n'}
[0.246894] (my_package) StderrLine: {'line': b'\x1b[01m\x1b[K/usr/include/c++/11/cmath:463:3:\x1b[m\x1b[K \x1b[01;36m\x1b[Knote: \x1b[m\x1b[Kcandidate: \xe2\x80\x98\x1b[01m\x1b[Kconstexpr float std::sqrt(float)\x1b[m\x1b[K\xe2\x80\x99\n'}
[0.246974] (my_package) StderrLine: {'line': b'  463 |   \x1b[01;36m\x1b[Ksqrt\x1b[m\x1b[K(float __x)\n'}
[0.247051] (my_package) StderrLine: {'line': b'      |   \x1b[01;36m\x1b[K^~~~\x1b[m\x1b[K\n'}
[0.247128] (my_package) StderrLine: {'line': b'\x1b[01m\x1b[K/usr/include/c++/11/cmath:463:3:\x1b[m\x1b[K \x1b[01;36m\x1b[Knote: \x1b[m\x1b[K  candidate expects 1 argument, 2 provided\n'}
[0.247205] (my_package) StderrLine: {'line': b'\x1b[01m\x1b[K/usr/include/c++/11/cmath:467:3:\x1b[m\x1b[K \x1b[01;36m\x1b[Knote: \x1b[m\x1b[Kcandidate: \xe2\x80\x98\x1b[01m\x1b[Kconstexpr long double std::sqrt(long double)\x1b[m\x1b[K\xe2\x80\x99\n'}
[0.247289] (my_package) StderrLine: {'line': b'  467 |   \x1b[01;36m\x1b[Ksqrt\x1b[m\x1b[K(long double __x)\n'}
[0.247366] (my_package) StderrLine: {'line': b'      |   \x1b[01;36m\x1b[K^~~~\x1b[m\x1b[K\n'}
[0.247442] (my_package) StderrLine: {'line': b'\x1b[01m\x1b[K/usr/include/c++/11/cmath:467:3:\x1b[m\x1b[K \x1b[01;36m\x1b[Knote: \x1b[m\x1b[K  candidate expects 1 argument, 2 provided\n'}
[0.300423] (-) TimerEvent: {}
[0.400865] (-) TimerEvent: {}
[0.440922] (my_package) StderrLine: {'line': b'In file included from \x1b[01m\x1b[K/opt/ros/humble/include/class_loader/class_loader/class_loader_core.hpp:57\x1b[m\x1b[K,\n'}
[0.441143] (my_package) StderrLine: {'line': b'                 from \x1b[01m\x1b[K/opt/ros/humble/include/class_loader/class_loader/class_loader.hpp:55\x1b[m\x1b[K,\n'}
[0.441241] (my_package) StderrLine: {'line': b'                 from \x1b[01m\x1b[K/opt/ros/humble/include/pluginlib/pluginlib/class_list_macros.hpp:40\x1b[m\x1b[K,\n'}
[0.441344] (my_package) StderrLine: {'line': b'                 from \x1b[01m\x1b[K/home/sarris/ros2_myproject/my_package/src/Point2D.cpp:38\x1b[m\x1b[K:\n'}
[0.441436] (my_package) StderrLine: {'line': b'/opt/ros/humble/include/class_loader/class_loader/meta_object.hpp: In instantiation of \xe2\x80\x98\x1b[01m\x1b[KB* class_loader::impl::MetaObject<C, B>::create() const [with C = Geometry::Point2D; B = Geometry::Point]\x1b[m\x1b[K\xe2\x80\x99:\n'}
[0.441523] (my_package) StderrLine: {'line': b'\x1b[01m\x1b[K/opt/ros/humble/include/class_loader/class_loader/meta_object.hpp:216:7:\x1b[m\x1b[K   required from here\n'}
[0.441612] (my_package) StderrLine: {'line': b'\x1b[01m\x1b[K/opt/ros/humble/include/class_loader/class_loader/meta_object.hpp:218:12:\x1b[m\x1b[K \x1b[01;31m\x1b[Kerror: \x1b[m\x1b[Kinvalid new-expression of abstract class type \xe2\x80\x98\x1b[01m\x1b[KGeometry::Point2D\x1b[m\x1b[K\xe2\x80\x99\n'}
[0.441698] (my_package) StderrLine: {'line': b'  218 |     return \x1b[01;31m\x1b[Knew C\x1b[m\x1b[K;\n'}
[0.441781] (my_package) StderrLine: {'line': b'      |            \x1b[01;31m\x1b[K^~~~~\x1b[m\x1b[K\n'}
[0.441877] (my_package) StderrLine: {'line': b'\x1b[01m\x1b[K/home/sarris/ros2_myproject/my_package/src/Point2D.cpp:7:15:\x1b[m\x1b[K \x1b[01;36m\x1b[Knote: \x1b[m\x1b[K  because the following virtual functions are pure within \xe2\x80\x98\x1b[01m\x1b[KGeometry::Point2D\x1b[m\x1b[K\xe2\x80\x99:\n'}
[0.441962] (my_package) StderrLine: {'line': b'    7 |         class \x1b[01;36m\x1b[KPoint2D\x1b[m\x1b[K : public Geometry::Point\n'}
[0.442043] (my_package) StderrLine: {'line': b'      |               \x1b[01;36m\x1b[K^~~~~~~\x1b[m\x1b[K\n'}
[0.442124] (my_package) StderrLine: {'line': b'In file included from \x1b[01m\x1b[K/home/sarris/ros2_myproject/my_package/src/Point2D.cpp:1\x1b[m\x1b[K:\n'}
[0.442207] (my_package) StderrLine: {'line': b'\x1b[01m\x1b[K/home/sarris/ros2_myproject/my_package/include/Geometry/Point.hpp:14:24:\x1b[m\x1b[K \x1b[01;36m\x1b[Knote: \x1b[m\x1b[K    \xe2\x80\x98\x1b[01m\x1b[Kvirtual double Geometry::Point::getZ() const\x1b[m\x1b[K\xe2\x80\x99\n'}
[0.442290] (my_package) StderrLine: {'line': b'   14 |         virtual double \x1b[01;36m\x1b[KgetZ\x1b[m\x1b[K() const=0;\n'}
[0.442371] (my_package) StderrLine: {'line': b'      |                        \x1b[01;36m\x1b[K^~~~\x1b[m\x1b[K\n'}
[0.442453] (my_package) StderrLine: {'line': b'\x1b[01m\x1b[K/home/sarris/ros2_myproject/my_package/include/Geometry/Point.hpp:19:22:\x1b[m\x1b[K \x1b[01;36m\x1b[Knote: \x1b[m\x1b[K    \xe2\x80\x98\x1b[01m\x1b[Kvirtual void Geometry::Point::setZ(double)\x1b[m\x1b[K\xe2\x80\x99\n'}
[0.442536] (my_package) StderrLine: {'line': b'   19 |         virtual void \x1b[01;36m\x1b[KsetZ\x1b[m\x1b[K(double z) =0;\n'}
[0.442616] (my_package) StderrLine: {'line': b'      |                      \x1b[01;36m\x1b[K^~~~\x1b[m\x1b[K\n'}
[0.450469] (my_package) StderrLine: {'line': b'gmake[2]: *** [CMakeFiles/point_plugins_lib.dir/build.make:76: CMakeFiles/point_plugins_lib.dir/src/Point2D.cpp.o] Error 1\n'}
[0.450636] (my_package) StderrLine: {'line': b'gmake[2]: *** Waiting for unfinished jobs....\n'}
[0.501019] (-) TimerEvent: {}
[0.512399] (my_package) StderrLine: {'line': b'gmake[1]: *** [CMakeFiles/Makefile2:139: CMakeFiles/point_plugins_lib.dir/all] Error 2\n'}
[0.512608] (my_package) StderrLine: {'line': b'gmake: *** [Makefile:146: all] Error 2\n'}
[0.514539] (my_package) CommandEnded: {'returncode': 2}
[0.525332] (my_package) JobEnded: {'identifier': 'my_package', 'rc': 2}
[0.535859] (-) EventReactorShutdown: {}
