[01m[K/home/sarris/ros2_myproject/my_package/src/Point3D.cpp:1:10:[m[K [01;31m[Kfatal error: [m[KGeometry/point.hpp: No such file or directory
    1 | #include [01;31m[K"Geometry/point.hpp"[m[K
      |          [01;31m[K^~~~~~~~~~~~~~~~~~~~[m[K
compilation terminated.
[01m[K/home/sarris/ros2_myproject/my_package/src/Point2D.cpp:1:10:[m[K [01;31m[Kfatal error: [m[KGeometry/point.hpp>: No such file or directory
    1 | #include [01;31m[K"Geometry/point.hpp>"[m[K
      |          [01;31m[K^~~~~~~~~~~~~~~~~~~~~[m[K
compilation terminated.
gmake[2]: *** [CMakeFiles/point_plugins_lib.dir/build.make:90: CMakeFiles/point_plugins_lib.dir/src/Point3D.cpp.o] Error 1
gmake[2]: *** Waiting for unfinished jobs....
gmake[2]: *** [CMakeFiles/point_plugins_lib.dir/build.make:76: CMakeFiles/point_plugins_lib.dir/src/Point2D.cpp.o] Error 1
gmake[1]: *** [CMakeFiles/Makefile2:139: CMakeFiles/point_plugins_lib.dir/all] Error 2
gmake[1]: *** Waiting for unfinished jobs....
[01m[K/home/sarris/ros2_myproject/my_package/src/Points_node.cpp:2:10:[m[K [01;31m[Kfatal error: [m[KGeometry/point.hpp: No such file or directory
    2 | #include [01;31m[K"Geometry/point.hpp"[m[K // Matches your include directory structure
      |          [01;31m[K^~~~~~~~~~~~~~~~~~~~[m[K
compilation terminated.
gmake[2]: *** [CMakeFiles/points_node.dir/build.make:76: CMakeFiles/points_node.dir/src/Points_node.cpp.o] Error 1
gmake[1]: *** [CMakeFiles/Makefile2:165: CMakeFiles/points_node.dir/all] Error 2
gmake: *** [Makefile:146: all] Error 2
