[35m[1mConsolidate compiler generated dependencies of target point_plugins_lib[0m
[ 20%] [32mBuilding CXX object CMakeFiles/point_plugins_lib.dir/src/Point2D.cpp.o[0m
[ 60%] Built target points_node
[01m[K/home/sarris/ros2_myproject/my_package/src/Point2D.cpp:[m[K In member function â€˜[01m[Kvirtual void Geometry::Point2D::setZ(double)[m[Kâ€™:
[01m[K/home/sarris/ros2_myproject/my_package/src/Point2D.cpp:28:56:[m[K [01;31m[Kerror: [m[Kexpected â€˜[01m[K;[m[Kâ€™ before â€˜[01m[K}[m[Kâ€™ token
   28 |                 void setZ(double z) override { (void)z [01;31m[K}[m[K
      |                                                        [01;31m[K^[m[K
gmake[2]: *** [CMakeFiles/point_plugins_lib.dir/build.make:76: CMakeFiles/point_plugins_lib.dir/src/Point2D.cpp.o] Error 1
gmake[1]: *** [CMakeFiles/Makefile2:139: CMakeFiles/point_plugins_lib.dir/all] Error 2
gmake: *** [Makefile:146: all] Error 2
