[01m[K/home/sarris/ros2_myproject/my_package/src/Point2D.cpp:1:10:[m[K [01;31m[Kfatal error: [m[KGeometry/Point.hpp>: No such file or directory
    1 | #include [01;31m[K"Geometry/Point.hpp>"[m[K
      |          [01;31m[K^~~~~~~~~~~~~~~~~~~~~[m[K
compilation terminated.
gmake[2]: *** [CMakeFiles/point_plugins_lib.dir/build.make:76: CMakeFiles/point_plugins_lib.dir/src/Point2D.cpp.o] Error 1
gmake[2]: *** Waiting for unfinished jobs....
[01m[K/home/sarris/ros2_myproject/my_package/src/Points_node.cpp:2:10:[m[K [01;31m[Kfatal error: [m[KGeometry/point.hpp: No such file or directory
    2 | #include [01;31m[K"Geometry/point.hpp"[m[K // Matches your include directory structure
      |          [01;31m[K^~~~~~~~~~~~~~~~~~~~[m[K
compilation terminated.
gmake[2]: *** [CMakeFiles/points_node.dir/build.make:76: CMakeFiles/points_node.dir/src/Points_node.cpp.o] Error 1
gmake[1]: *** [CMakeFiles/Makefile2:165: CMakeFiles/points_node.dir/all] Error 2
gmake[1]: *** Waiting for unfinished jobs....
[01m[K/home/sarris/ros2_myproject/my_package/src/Point3D.cpp:26:14:[m[K [01;31m[Kerror: [m[Kconflicting return type specified for â€˜[01m[Kvirtual void Geometry::Point3D::setX(double)[m[Kâ€™
   26 |         void [01;31m[KsetX[m[K(double x) override { x_ = x; }
      |              [01;31m[K^~~~[m[K
In file included from [01m[K/home/sarris/ros2_myproject/my_package/src/Point3D.cpp:1[m[K:
[01m[K/home/sarris/ros2_myproject/my_package/include/Geometry/Point.hpp:17:24:[m[K [01;36m[Knote: [m[Koverridden function is â€˜[01m[Kvirtual double Geometry::Point::setX(double)[m[Kâ€™
   17 |         virtual double [01;36m[KsetX[m[K(double x) =0;
      |                        [01;36m[K^~~~[m[K
[01m[K/home/sarris/ros2_myproject/my_package/src/Point3D.cpp:27:14:[m[K [01;31m[Kerror: [m[Kconflicting return type specified for â€˜[01m[Kvirtual void Geometry::Point3D::setY(double)[m[Kâ€™
   27 |         void [01;31m[KsetY[m[K(double y) override { y_ = y; }
      |              [01;31m[K^~~~[m[K
In file included from [01m[K/home/sarris/ros2_myproject/my_package/src/Point3D.cpp:1[m[K:
[01m[K/home/sarris/ros2_myproject/my_package/include/Geometry/Point.hpp:18:24:[m[K [01;36m[Knote: [m[Koverridden function is â€˜[01m[Kvirtual double Geometry::Point::setY(double)[m[Kâ€™
   18 |         virtual double [01;36m[KsetY[m[K(double y) =0;
      |                        [01;36m[K^~~~[m[K
[01m[K/home/sarris/ros2_myproject/my_package/src/Point3D.cpp:28:14:[m[K [01;31m[Kerror: [m[Kconflicting return type specified for â€˜[01m[Kvirtual void Geometry::Point3D::setZ(double)[m[Kâ€™
   28 |         void [01;31m[KsetZ[m[K(double z) override { z_ = z; }
      |              [01;31m[K^~~~[m[K
In file included from [01m[K/home/sarris/ros2_myproject/my_package/src/Point3D.cpp:1[m[K:
[01m[K/home/sarris/ros2_myproject/my_package/include/Geometry/Point.hpp:19:24:[m[K [01;36m[Knote: [m[Koverridden function is â€˜[01m[Kvirtual double Geometry::Point::setZ(double)[m[Kâ€™
   19 |         virtual double [01;36m[KsetZ[m[K(double z) =0;
      |                        [01;36m[K^~~~[m[K
gmake[2]: *** [CMakeFiles/point_plugins_lib.dir/build.make:90: CMakeFiles/point_plugins_lib.dir/src/Point3D.cpp.o] Error 1
gmake[1]: *** [CMakeFiles/Makefile2:139: CMakeFiles/point_plugins_lib.dir/all] Error 2
gmake: *** [Makefile:146: all] Error 2
