[0.008s] Invoking command in '/home/sarris/ros2_myproject/build/my_package': CMAKE_PREFIX_PATH=/opt/ros/humble /usr/bin/cmake /home/sarris/ros2_myproject/my_package -DCMAKE_INSTALL_PREFIX=/home/sarris/ros2_myproject/install/my_package
[0.062s] -- The C compiler identification is GNU 11.4.0
[0.130s] -- The CXX compiler identification is GNU 11.4.0
[0.136s] -- Detecting C compiler ABI info
[0.211s] -- Detecting C compiler ABI info - done
[0.217s] -- Check for working C compiler: /usr/bin/cc - skipped
[0.217s] -- Detecting C compile features
[0.217s] -- Detecting C compile features - done
[0.221s] -- Detecting CXX compiler ABI info
[0.321s] -- Detecting CXX compiler ABI info - done
[0.326s] -- Check for working CXX compiler: /usr/bin/c++ - skipped
[0.326s] -- Detecting CXX compile features
[0.327s] -- Detecting CXX compile features - done
[0.328s] -- Found ament_cmake: 1.3.12 (/opt/ros/humble/share/ament_cmake/cmake)
[0.437s] -- Found Python3: /usr/bin/python3 (found version "3.10.12") found components: Interpreter 
[0.495s] -- Found rclcpp: 16.0.17 (/opt/ros/humble/share/rclcpp/cmake)
[0.521s] -- Found rosidl_generator_c: 3.1.8 (/opt/ros/humble/share/rosidl_generator_c/cmake)
[0.524s] -- Found rosidl_adapter: 3.1.8 (/opt/ros/humble/share/rosidl_adapter/cmake)
[0.529s] -- Found rosidl_generator_cpp: 3.1.8 (/opt/ros/humble/share/rosidl_generator_cpp/cmake)
[0.536s] -- Using all available rosidl_typesupport_c: rosidl_typesupport_fastrtps_c;rosidl_typesupport_introspection_c
[0.546s] -- Using all available rosidl_typesupport_cpp: rosidl_typesupport_fastrtps_cpp;rosidl_typesupport_introspection_cpp
[0.573s] -- Found rmw_implementation_cmake: 6.1.2 (/opt/ros/humble/share/rmw_implementation_cmake/cmake)
[0.574s] -- Found rmw_fastrtps_cpp: 6.2.9 (/opt/ros/humble/share/rmw_fastrtps_cpp/cmake)
[0.711s] -- Found OpenSSL: /usr/lib/x86_64-linux-gnu/libcrypto.so (found version "3.0.2")  
[0.736s] -- Found FastRTPS: /opt/ros/humble/include  
[0.766s] -- Using RMW implementation 'rmw_fastrtps_cpp' as default
[0.771s] -- Looking for pthread.h
[0.874s] -- Looking for pthread.h - found
[0.875s] -- Performing Test CMAKE_HAVE_LIBC_PTHREAD
[1.018s] -- Performing Test CMAKE_HAVE_LIBC_PTHREAD - Success
[1.019s] -- Found Threads: TRUE  
[1.056s] -- Found pluginlib: 5.1.3 (/opt/ros/humble/share/pluginlib/cmake)
[1.114s] -- Configuring done
[1.120s] -- Generating done
[1.123s] -- Build files have been written to: /home/sarris/ros2_myproject/build/my_package
[1.129s] Invoked command in '/home/sarris/ros2_myproject/build/my_package' returned '0': CMAKE_PREFIX_PATH=/opt/ros/humble /usr/bin/cmake /home/sarris/ros2_myproject/my_package -DCMAKE_INSTALL_PREFIX=/home/sarris/ros2_myproject/install/my_package
[1.130s] Invoking command in '/home/sarris/ros2_myproject/build/my_package': CMAKE_PREFIX_PATH=/opt/ros/humble /usr/bin/cmake --build /home/sarris/ros2_myproject/build/my_package -- -j12 -l12
[1.187s] [ 40%] [32mBuilding CXX object CMakeFiles/point_plugins_lib.dir/src/Point3D.cpp.o[0m
[1.187s] [ 40%] [32mBuilding CXX object CMakeFiles/point_plugins_lib.dir/src/Point2D.cpp.o[0m
[1.189s] [ 60%] [32mBuilding CXX object CMakeFiles/points_node.dir/src/Points_node.cpp.o[0m
[1.193s] [01m[K/home/sarris/ros2_myproject/my_package/src/Point2D.cpp:1:10:[m[K [01;31m[Kfatal error: [m[KGeometry/Point.hpp>: No such file or directory
[1.193s]     1 | #include [01;31m[K"Geometry/Point.hpp>"[m[K
[1.193s]       |          [01;31m[K^~~~~~~~~~~~~~~~~~~~~[m[K
[1.193s] compilation terminated.
[1.194s] gmake[2]: *** [CMakeFiles/point_plugins_lib.dir/build.make:76: CMakeFiles/point_plugins_lib.dir/src/Point2D.cpp.o] Error 1
[1.194s] gmake[2]: *** Waiting for unfinished jobs....
[1.269s] [01m[K/home/sarris/ros2_myproject/my_package/src/Points_node.cpp:2:10:[m[K [01;31m[Kfatal error: [m[KGeometry/point.hpp: No such file or directory
[1.269s]     2 | #include [01;31m[K"Geometry/point.hpp"[m[K // Matches your include directory structure
[1.270s]       |          [01;31m[K^~~~~~~~~~~~~~~~~~~~[m[K
[1.270s] compilation terminated.
[1.271s] gmake[2]: *** [CMakeFiles/points_node.dir/build.make:76: CMakeFiles/points_node.dir/src/Points_node.cpp.o] Error 1
[1.271s] gmake[1]: *** [CMakeFiles/Makefile2:165: CMakeFiles/points_node.dir/all] Error 2
[1.271s] gmake[1]: *** Waiting for unfinished jobs....
[1.380s] [01m[K/home/sarris/ros2_myproject/my_package/src/Point3D.cpp:26:14:[m[K [01;31m[Kerror: [m[Kconflicting return type specified for â€˜[01m[Kvirtual void Geometry::Point3D::setX(double)[m[Kâ€™
[1.380s]    26 |         void [01;31m[KsetX[m[K(double x) override { x_ = x; }
[1.380s]       |              [01;31m[K^~~~[m[K
[1.380s] In file included from [01m[K/home/sarris/ros2_myproject/my_package/src/Point3D.cpp:1[m[K:
[1.380s] [01m[K/home/sarris/ros2_myproject/my_package/include/Geometry/Point.hpp:17:24:[m[K [01;36m[Knote: [m[Koverridden function is â€˜[01m[Kvirtual double Geometry::Point::setX(double)[m[Kâ€™
[1.380s]    17 |         virtual double [01;36m[KsetX[m[K(double x) =0;
[1.380s]       |                        [01;36m[K^~~~[m[K
[1.380s] [01m[K/home/sarris/ros2_myproject/my_package/src/Point3D.cpp:27:14:[m[K [01;31m[Kerror: [m[Kconflicting return type specified for â€˜[01m[Kvirtual void Geometry::Point3D::setY(double)[m[Kâ€™
[1.381s]    27 |         void [01;31m[KsetY[m[K(double y) override { y_ = y; }
[1.381s]       |              [01;31m[K^~~~[m[K
[1.381s] In file included from [01m[K/home/sarris/ros2_myproject/my_package/src/Point3D.cpp:1[m[K:
[1.381s] [01m[K/home/sarris/ros2_myproject/my_package/include/Geometry/Point.hpp:18:24:[m[K [01;36m[Knote: [m[Koverridden function is â€˜[01m[Kvirtual double Geometry::Point::setY(double)[m[Kâ€™
[1.381s]    18 |         virtual double [01;36m[KsetY[m[K(double y) =0;
[1.381s]       |                        [01;36m[K^~~~[m[K
[1.381s] [01m[K/home/sarris/ros2_myproject/my_package/src/Point3D.cpp:28:14:[m[K [01;31m[Kerror: [m[Kconflicting return type specified for â€˜[01m[Kvirtual void Geometry::Point3D::setZ(double)[m[Kâ€™
[1.381s]    28 |         void [01;31m[KsetZ[m[K(double z) override { z_ = z; }
[1.381s]       |              [01;31m[K^~~~[m[K
[1.381s] In file included from [01m[K/home/sarris/ros2_myproject/my_package/src/Point3D.cpp:1[m[K:
[1.381s] [01m[K/home/sarris/ros2_myproject/my_package/include/Geometry/Point.hpp:19:24:[m[K [01;36m[Knote: [m[Koverridden function is â€˜[01m[Kvirtual double Geometry::Point::setZ(double)[m[Kâ€™
[1.381s]    19 |         virtual double [01;36m[KsetZ[m[K(double z) =0;
[1.381s]       |                        [01;36m[K^~~~[m[K
[1.566s] gmake[2]: *** [CMakeFiles/point_plugins_lib.dir/build.make:90: CMakeFiles/point_plugins_lib.dir/src/Point3D.cpp.o] Error 1
[1.566s] gmake[1]: *** [CMakeFiles/Makefile2:139: CMakeFiles/point_plugins_lib.dir/all] Error 2
[1.566s] gmake: *** [Makefile:146: all] Error 2
[1.568s] Invoked command in '/home/sarris/ros2_myproject/build/my_package' returned '2': CMAKE_PREFIX_PATH=/opt/ros/humble /usr/bin/cmake --build /home/sarris/ros2_myproject/build/my_package -- -j12 -l12
